<?xml version="1.0" encoding="UTF-8"?>
<testsuite xmlns:xsi="http://www.w3.org/2001/XMLSchema-instance" xsi:noNamespaceSchemaLocation="https://maven.apache.org/surefire/maven-surefire-plugin/xsd/surefire-test-report.xsd" name="com.example.spemini.CalculatorTest" time="0.782" tests="8" errors="0" skipped="0" failures="0">
  <properties>
[...]
</properties>
  <testcase name="testLogFP" classname="com.example.spemini.CalculatorTest" time="0.022"/>
  <testcase name="testLogTP" classname="com.example.spemini.CalculatorTest" time="0"/>
  <testcase name="testPowerFP" classname="com.example.spemini.CalculatorTest" time="0.001"/>
  <testcase name="testPowerTP" classname="com.example.spemini.CalculatorTest" time="0.001"/>
  <testcase name="testFactorialFP" classname="com.example.spemini.CalculatorTest" time="0.001"/>
  <testcase name="testFactorialTP" classname="com.example.spemini.CalculatorTest" time="0.001"/>
  <testcase name="testSquareRootFP" classname="com.example.spemini.CalculatorTest" time="0.001"/>
  <testcase name="testSquareRootTP" classname="com.example.spemini.CalculatorTest" time="0"/>
</testsuite>